<?xml version="1.0" encoding="UTF-8"?>
<!-- Generated by org.testng.reporters.JUnitXMLReporter -->
<testsuite ignored="0" hostname="DESKTOP-7APVUQ4" failures="1" tests="11" name="Test" time="451.597" errors="0" timestamp="2023-01-17T20:11:33 IST">
  <testcase classname="trello.TrelloTestCaseExecution" name="moveLoadedListToAnotherBoard" time="52.119"/>
  <testcase classname="trello.TrelloTestCaseExecution" name="sortCardsAlpabetically" time="50.204"/>
  <testcase classname="trello.TrelloTestCaseExecution" name="getCountOfCardAndList" time="46.049"/>
  <testcase classname="trello.TrelloTestCaseExecution" name="createAndDeleteBoard" time="24.762">
    <skipped/>
  </testcase> <!-- createAndDeleteBoard -->
  <testcase classname="trello.TrelloTestCaseExecution" name="createAndDeleteBoard" time="41.636"/>
  <testcase classname="trello.TrelloTestCaseExecution" name="create2ListsInBoard" time="39.289">
    <skipped/>
  </testcase> <!-- create2ListsInBoard -->
  <testcase classname="trello.TrelloTestCaseExecution" name="create2ListsInBoard" time="31.138">
    <failure type="org.openqa.selenium.StaleElementReferenceException" message="stale element reference: element is not attached to the page document
  (Session info: chrome=108.0.5359.126)
For documentation on this error, please visit: https://selenium.dev/exceptions/#stale_element_reference
Build info: version: &amp;apos;4.7.2&amp;apos;, revision: &amp;apos;4d4020c3b7&amp;apos;
System info: os.name: &amp;apos;Windows 10&amp;apos;, os.arch: &amp;apos;amd64&amp;apos;, os.version: &amp;apos;10.0&amp;apos;, java.version: &amp;apos;19.0.1&amp;apos;
Driver info: org.openqa.selenium.chrome.ChromeDriver
Command: [75bb5effa7eae911e5594aeb7a328baa, isElementDisplayed {id=4e439a08-24cb-44b0-b6c3-641ab8d6fe6f}]
Capabilities {acceptInsecureCerts: false, browserName: chrome, browserVersion: 108.0.5359.126, chrome: {chromedriverVersion: 108.0.5359.71 (1e0e3868ee06..., userDataDir: C:\Users\Admin\AppData\Loca...}, goog:chromeOptions: {debuggerAddress: localhost:64210}, networkConnectionEnabled: false, pageLoadStrategy: normal, platformName: WINDOWS, proxy: Proxy(), se:cdp: ws://localhost:64210/devtoo..., se:cdpVersion: 108.0.5359.126, setWindowRect: true, strictFileInteractability: false, timeouts: {implicit: 0, pageLoad: 300000, script: 30000}, unhandledPromptBehavior: dismiss and notify, webauthn:extension:credBlob: true, webauthn:extension:largeBlob: true, webauthn:virtualAuthenticators: true}
Element: [[ChromeDriver: chrome on WINDOWS (75bb5effa7eae911e5594aeb7a328baa)] -&amp;gt; xpath: //input[contains(@class,&amp;apos;js-confirm&amp;apos;)]]
Session ID: 75bb5effa7eae911e5594aeb7a328baa">
      <![CDATA[org.openqa.selenium.StaleElementReferenceException: stale element reference: element is not attached to the page document
  (Session info: chrome=108.0.5359.126)
For documentation on this error, please visit: https://selenium.dev/exceptions/#stale_element_reference
Build info: version: '4.7.2', revision: '4d4020c3b7'
System info: os.name: 'Windows 10', os.arch: 'amd64', os.version: '10.0', java.version: '19.0.1'
Driver info: org.openqa.selenium.chrome.ChromeDriver
Command: [75bb5effa7eae911e5594aeb7a328baa, isElementDisplayed {id=4e439a08-24cb-44b0-b6c3-641ab8d6fe6f}]
Capabilities {acceptInsecureCerts: false, browserName: chrome, browserVersion: 108.0.5359.126, chrome: {chromedriverVersion: 108.0.5359.71 (1e0e3868ee06..., userDataDir: C:\Users\Admin\AppData\Loca...}, goog:chromeOptions: {debuggerAddress: localhost:64210}, networkConnectionEnabled: false, pageLoadStrategy: normal, platformName: WINDOWS, proxy: Proxy(), se:cdp: ws://localhost:64210/devtoo..., se:cdpVersion: 108.0.5359.126, setWindowRect: true, strictFileInteractability: false, timeouts: {implicit: 0, pageLoad: 300000, script: 30000}, unhandledPromptBehavior: dismiss and notify, webauthn:extension:credBlob: true, webauthn:extension:largeBlob: true, webauthn:virtualAuthenticators: true}
Element: [[ChromeDriver: chrome on WINDOWS (75bb5effa7eae911e5594aeb7a328baa)] -> xpath: //input[contains(@class,'js-confirm')]]
Session ID: 75bb5effa7eae911e5594aeb7a328baa
at org.openqa.selenium.remote.codec.w3c.W3CHttpResponseCodec.createException(W3CHttpResponseCodec.java:200)
at org.openqa.selenium.remote.codec.w3c.W3CHttpResponseCodec.decode(W3CHttpResponseCodec.java:133)
at org.openqa.selenium.remote.codec.w3c.W3CHttpResponseCodec.decode(W3CHttpResponseCodec.java:53)
at org.openqa.selenium.remote.HttpCommandExecutor.execute(HttpCommandExecutor.java:184)
at org.openqa.selenium.remote.service.DriverCommandExecutor.invokeExecute(DriverCommandExecutor.java:167)
at org.openqa.selenium.remote.service.DriverCommandExecutor.execute(DriverCommandExecutor.java:142)
at org.openqa.selenium.remote.RemoteWebDriver.execute(RemoteWebDriver.java:535)
at org.openqa.selenium.remote.RemoteWebElement.execute(RemoteWebElement.java:257)
at org.openqa.selenium.remote.RemoteWebElement.isDisplayed(RemoteWebElement.java:313)
at org.openqa.selenium.support.pagefactory.internal.LocatingElementHandler.invoke(LocatingElementHandler.java:52)
at jdk.proxy2/jdk.proxy2.$Proxy16.isDisplayed(Unknown Source)
at org.openqa.selenium.support.ui.ExpectedConditions.elementIfVisible(ExpectedConditions.java:307)
at org.openqa.selenium.support.ui.ExpectedConditions.access$000(ExpectedConditions.java:40)
at org.openqa.selenium.support.ui.ExpectedConditions$10.apply(ExpectedConditions.java:293)
at org.openqa.selenium.support.ui.ExpectedConditions$10.apply(ExpectedConditions.java:290)
at org.openqa.selenium.support.ui.ExpectedConditions$23.apply(ExpectedConditions.java:660)
at org.openqa.selenium.support.ui.ExpectedConditions$23.apply(ExpectedConditions.java:656)
at org.openqa.selenium.support.ui.FluentWait.until(FluentWait.java:208)
at com.qspider.atlassian.genericutility.WebElementUtility.clickOnVisibleElement(WebElementUtility.java:23)
at trello.TrelloTestCaseExecution.deleteBoard(TrelloTestCaseExecution.java:144)
at trello.TrelloTestCaseExecution.create2ListsInBoard(TrelloTestCaseExecution.java:210)
at java.base/java.util.ArrayList.forEach(ArrayList.java:1511)
... Removed 30 stack frames]]>
    </failure>
  </testcase> <!-- create2ListsInBoard -->
  <testcase classname="trello.TrelloTestCaseExecution" name="swapTheList" time="39.39"/>
  <testcase classname="trello.TrelloTestCaseExecution" name="loginToAccount" time="33.217"/>
  <testcase classname="trello.TrelloTestCaseExecution" name="loginpageCheck" time="3.713"/>
  <testcase classname="trello.TrelloTestCaseExecution" name="homepageCheck" time="0.064"/>
</testsuite> <!-- Test -->
