<html>
<head>
<title>TestNG:  Test</title>
<link href="../testng.css" rel="stylesheet" type="text/css" />
<link href="../my-testng.css" rel="stylesheet" type="text/css" />

<style type="text/css">
.log { display: none;} 
.stack-trace { display: none;} 
</style>
<script type="text/javascript">
<!--
function flip(e) {
  current = e.style.display;
  if (current == 'block') {
    e.style.display = 'none';
    return 0;
  }
  else {
    e.style.display = 'block';
    return 1;
  }
}

function toggleBox(szDivId, elem, msg1, msg2)
{
  var res = -1;  if (document.getElementById) {
    res = flip(document.getElementById(szDivId));
  }
  else if (document.all) {
    // this is the way old msie versions work
    res = flip(document.all[szDivId]);
  }
  if(elem) {
    if(res == 0) elem.innerHTML = msg1; else elem.innerHTML = msg2;
  }

}

function toggleAllBoxes() {
  if (document.getElementsByTagName) {
    d = document.getElementsByTagName('div');
    for (i = 0; i < d.length; i++) {
      if (d[i].className == 'log') {
        flip(d[i]);
      }
    }
  }
}

// -->
</script>

</head>
<body>
<h2 align='center'>Test</h2><table border='1' align="center">
<tr>
<td>Tests passed/Failed/Skipped:</td><td>8/1/2</td>
</tr><tr>
<td>Started on:</td><td>Tue Jan 17 20:04:01 IST 2023</td>
</tr>
<tr><td>Total time:</td><td>451 seconds (451597 ms)</td>
</tr><tr>
<td>Included groups:</td><td></td>
</tr><tr>
<td>Excluded groups:</td><td></td>
</tr>
</table><p/>
<small><i>(Hover the method name to see the test class name)</i></small><p/>
<table width='100%' border='1' class='invocation-failed'>
<tr><td colspan='4' align='center'><b>FAILED TESTS</b></td></tr>
<tr><td><b>Test method</b></td>
<td><b>Attribute(s)</b></td>
<td width="30%"><b>Exception</b></td>
<td width="10%"><b>Time (seconds)</b></td>
<td><b>Instance</b></td>
</tr>
<tr>
<td title='trello.TrelloTestCaseExecution.create2ListsInBoard()'><b>create2ListsInBoard</b><br>Test class: trello.TrelloTestCaseExecution<br/>
<a href="#Output-1766705563" onClick='toggleBox("Output-1766705563", this, "Show output", "Hide output");'>Show output</a>

<a href="#Output-1766705563" onClick="toggleAllBoxes();">Show all outputs</a>
<div class='log' id="Output-1766705563">
Trello login to continue page is displayed and verified upon title.<br/>
Trello board page is displayed and verified upon title.<br/>
Trello board page is displayed and verified upon url contains email reference.<br/>
Created board page is displayed and verified upon url contains boardname.<br/>
Created board page is displayed and verified upon boardname.<br/>
2 lists successfully created and varified upon count<br/>
</div>
</td>
<td><div><pre>org.openqa.selenium.StaleElementReferenceException: stale element reference: element is not attached to the page document
  (Session info: chrome=108.0.5359.126)
For documentation on this error, please visit: https://selenium.dev/exceptions/#stale_element_reference
Build info: version: &apos;4.7.2&apos;, revision: &apos;4d4020c3b7&apos;
System info: os.name: &apos;Windows 10&apos;, os.arch: &apos;amd64&apos;, os.version: &apos;10.0&apos;, java.version: &apos;19.0.1&apos;
Driver info: org.openqa.selenium.chrome.ChromeDriver
Command: [75bb5effa7eae911e5594aeb7a328baa, isElementDisplayed {id=4e439a08-24cb-44b0-b6c3-641ab8d6fe6f}]
Capabilities {acceptInsecureCerts: false, browserName: chrome, browserVersion: 108.0.5359.126, chrome: {chromedriverVersion: 108.0.5359.71 (1e0e3868ee06..., userDataDir: C:\Users\Admin\AppData\Loca...}, goog:chromeOptions: {debuggerAddress: localhost:64210}, networkConnectionEnabled: false, pageLoadStrategy: normal, platformName: WINDOWS, proxy: Proxy(), se:cdp: ws://localhost:64210/devtoo..., se:cdpVersion: 108.0.5359.126, setWindowRect: true, strictFileInteractability: false, timeouts: {implicit: 0, pageLoad: 300000, script: 30000}, unhandledPromptBehavior: dismiss and notify, webauthn:extension:credBlob: true, webauthn:extension:largeBlob: true, webauthn:virtualAuthenticators: true}
Element: [[ChromeDriver: chrome on WINDOWS (75bb5effa7eae911e5594aeb7a328baa)] -&gt; xpath: //input[contains(@class,&apos;js-confirm&apos;)]]
Session ID: 75bb5effa7eae911e5594aeb7a328baa
	at org.openqa.selenium.remote.codec.w3c.W3CHttpResponseCodec.createException(W3CHttpResponseCodec.java:200)
	at org.openqa.selenium.remote.codec.w3c.W3CHttpResponseCodec.decode(W3CHttpResponseCodec.java:133)
	at org.openqa.selenium.remote.codec.w3c.W3CHttpResponseCodec.decode(W3CHttpResponseCodec.java:53)
	at org.openqa.selenium.remote.HttpCommandExecutor.execute(HttpCommandExecutor.java:184)
	at org.openqa.selenium.remote.service.DriverCommandExecutor.invokeExecute(DriverCommandExecutor.java:167)
	at org.openqa.selenium.remote.service.DriverCommandExecutor.execute(DriverCommandExecutor.java:142)
	at org.openqa.selenium.remote.RemoteWebDriver.execute(RemoteWebDriver.java:535)
	at org.openqa.selenium.remote.RemoteWebElement.execute(RemoteWebElement.java:257)
	at org.openqa.selenium.remote.RemoteWebElement.isDisplayed(RemoteWebElement.java:313)
	at org.openqa.selenium.support.pagefactory.internal.LocatingElementHandler.invoke(LocatingElementHandler.java:52)
	at jdk.proxy2/jdk.proxy2.$Proxy16.isDisplayed(Unknown Source)
	at org.openqa.selenium.support.ui.ExpectedConditions.elementIfVisible(ExpectedConditions.java:307)
	at org.openqa.selenium.support.ui.ExpectedConditions.access$000(ExpectedConditions.java:40)
	at org.openqa.selenium.support.ui.ExpectedConditions$10.apply(ExpectedConditions.java:293)
	at org.openqa.selenium.support.ui.ExpectedConditions$10.apply(ExpectedConditions.java:290)
	at org.openqa.selenium.support.ui.ExpectedConditions$23.apply(ExpectedConditions.java:660)
	at org.openqa.selenium.support.ui.ExpectedConditions$23.apply(ExpectedConditions.java:656)
	at org.openqa.selenium.support.ui.FluentWait.until(FluentWait.java:208)
	at com.qspider.atlassian.genericutility.WebElementUtility.clickOnVisibleElement(WebElementUtility.java:23)
	at trello.TrelloTestCaseExecution.deleteBoard(TrelloTestCaseExecution.java:144)
	at trello.TrelloTestCaseExecution.create2ListsInBoard(TrelloTestCaseExecution.java:210)
	at java.base/java.util.ArrayList.forEach(ArrayList.java:1511)
... Removed 30 stack frames</pre></div><a href='#' onClick='toggleBox("stack-trace1766705563", this, "Click to show all stack frames", "Click to hide stack frames")'>Click to show all stack frames</a>
<div class='stack-trace' id='stack-trace1766705563'><pre>org.openqa.selenium.StaleElementReferenceException: stale element reference: element is not attached to the page document
  (Session info: chrome=108.0.5359.126)
For documentation on this error, please visit: https://selenium.dev/exceptions/#stale_element_reference
Build info: version: &apos;4.7.2&apos;, revision: &apos;4d4020c3b7&apos;
System info: os.name: &apos;Windows 10&apos;, os.arch: &apos;amd64&apos;, os.version: &apos;10.0&apos;, java.version: &apos;19.0.1&apos;
Driver info: org.openqa.selenium.chrome.ChromeDriver
Command: [75bb5effa7eae911e5594aeb7a328baa, isElementDisplayed {id=4e439a08-24cb-44b0-b6c3-641ab8d6fe6f}]
Capabilities {acceptInsecureCerts: false, browserName: chrome, browserVersion: 108.0.5359.126, chrome: {chromedriverVersion: 108.0.5359.71 (1e0e3868ee06..., userDataDir: C:\Users\Admin\AppData\Loca...}, goog:chromeOptions: {debuggerAddress: localhost:64210}, networkConnectionEnabled: false, pageLoadStrategy: normal, platformName: WINDOWS, proxy: Proxy(), se:cdp: ws://localhost:64210/devtoo..., se:cdpVersion: 108.0.5359.126, setWindowRect: true, strictFileInteractability: false, timeouts: {implicit: 0, pageLoad: 300000, script: 30000}, unhandledPromptBehavior: dismiss and notify, webauthn:extension:credBlob: true, webauthn:extension:largeBlob: true, webauthn:virtualAuthenticators: true}
Element: [[ChromeDriver: chrome on WINDOWS (75bb5effa7eae911e5594aeb7a328baa)] -&gt; xpath: //input[contains(@class,&apos;js-confirm&apos;)]]
Session ID: 75bb5effa7eae911e5594aeb7a328baa
	at java.base/jdk.internal.reflect.DirectConstructorHandleAccessor.newInstance(DirectConstructorHandleAccessor.java:67)
	at java.base/java.lang.reflect.Constructor.newInstanceWithCaller(Constructor.java:500)
	at java.base/java.lang.reflect.Constructor.newInstance(Constructor.java:484)
	at org.openqa.selenium.remote.codec.w3c.W3CHttpResponseCodec.createException(W3CHttpResponseCodec.java:200)
	at org.openqa.selenium.remote.codec.w3c.W3CHttpResponseCodec.decode(W3CHttpResponseCodec.java:133)
	at org.openqa.selenium.remote.codec.w3c.W3CHttpResponseCodec.decode(W3CHttpResponseCodec.java:53)
	at org.openqa.selenium.remote.HttpCommandExecutor.execute(HttpCommandExecutor.java:184)
	at org.openqa.selenium.remote.service.DriverCommandExecutor.invokeExecute(DriverCommandExecutor.java:167)
	at org.openqa.selenium.remote.service.DriverCommandExecutor.execute(DriverCommandExecutor.java:142)
	at org.openqa.selenium.remote.RemoteWebDriver.execute(RemoteWebDriver.java:535)
	at org.openqa.selenium.remote.RemoteWebElement.execute(RemoteWebElement.java:257)
	at org.openqa.selenium.remote.RemoteWebElement.isDisplayed(RemoteWebElement.java:313)
	at java.base/jdk.internal.reflect.DirectMethodHandleAccessor.invoke(DirectMethodHandleAccessor.java:104)
	at java.base/java.lang.reflect.Method.invoke(Method.java:578)
	at org.openqa.selenium.support.pagefactory.internal.LocatingElementHandler.invoke(LocatingElementHandler.java:52)
	at jdk.proxy2/jdk.proxy2.$Proxy16.isDisplayed(Unknown Source)
	at org.openqa.selenium.support.ui.ExpectedConditions.elementIfVisible(ExpectedConditions.java:307)
	at org.openqa.selenium.support.ui.ExpectedConditions.access$000(ExpectedConditions.java:40)
	at org.openqa.selenium.support.ui.ExpectedConditions$10.apply(ExpectedConditions.java:293)
	at org.openqa.selenium.support.ui.ExpectedConditions$10.apply(ExpectedConditions.java:290)
	at org.openqa.selenium.support.ui.ExpectedConditions$23.apply(ExpectedConditions.java:660)
	at org.openqa.selenium.support.ui.ExpectedConditions$23.apply(ExpectedConditions.java:656)
	at org.openqa.selenium.support.ui.FluentWait.until(FluentWait.java:208)
	at com.qspider.atlassian.genericutility.WebElementUtility.clickOnVisibleElement(WebElementUtility.java:23)
	at trello.TrelloTestCaseExecution.deleteBoard(TrelloTestCaseExecution.java:144)
	at trello.TrelloTestCaseExecution.create2ListsInBoard(TrelloTestCaseExecution.java:210)
	at java.base/jdk.internal.reflect.DirectMethodHandleAccessor.invoke(DirectMethodHandleAccessor.java:104)
	at java.base/java.lang.reflect.Method.invoke(Method.java:578)
	at org.testng.internal.invokers.MethodInvocationHelper.invokeMethod(MethodInvocationHelper.java:139)
	at org.testng.internal.invokers.TestInvoker.invokeMethod(TestInvoker.java:677)
	at org.testng.internal.invokers.TestInvoker.retryFailed(TestInvoker.java:263)
	at org.testng.internal.invokers.MethodRunner.runInSequence(MethodRunner.java:62)
	at org.testng.internal.invokers.TestInvoker$MethodInvocationAgent.invoke(TestInvoker.java:969)
	at org.testng.internal.invokers.TestInvoker.invokeTestMethods(TestInvoker.java:194)
	at org.testng.internal.invokers.TestMethodWorker.invokeTestMethods(TestMethodWorker.java:148)
	at org.testng.internal.invokers.TestMethodWorker.run(TestMethodWorker.java:128)
	at java.base/java.util.ArrayList.forEach(ArrayList.java:1511)
	at org.testng.TestRunner.privateRun(TestRunner.java:829)
	at org.testng.TestRunner.run(TestRunner.java:602)
	at org.testng.SuiteRunner.runTest(SuiteRunner.java:437)
	at org.testng.SuiteRunner.runSequentially(SuiteRunner.java:431)
	at org.testng.SuiteRunner.privateRun(SuiteRunner.java:391)
	at org.testng.SuiteRunner.run(SuiteRunner.java:330)
	at org.testng.SuiteRunnerWorker.runSuite(SuiteRunnerWorker.java:52)
	at org.testng.SuiteRunnerWorker.run(SuiteRunnerWorker.java:95)
	at org.testng.TestNG.runSuitesSequentially(TestNG.java:1256)
	at org.testng.TestNG.runSuitesLocally(TestNG.java:1176)
	at org.testng.TestNG.runSuites(TestNG.java:1099)
	at org.testng.TestNG.run(TestNG.java:1067)
	at org.testng.remote.AbstractRemoteTestNG.run(AbstractRemoteTestNG.java:115)
	at org.testng.remote.RemoteTestNG.initAndRun(RemoteTestNG.java:251)
	at org.testng.remote.RemoteTestNG.main(RemoteTestNG.java:77)
</pre></div></td>
<td>31</td>
<td>trello.TrelloTestCaseExecution@72967906</td></tr>
</table><p>
<table width='100%' border='1' class='invocation-passed'>
<tr><td colspan='4' align='center'><b>PASSED TESTS</b></td></tr>
<tr><td><b>Test method</b></td>
<td><b>Attribute(s)</b></td>
<td width="30%"><b>Exception</b></td>
<td width="10%"><b>Time (seconds)</b></td>
<td><b>Instance</b></td>
</tr>
<tr>
<td title='trello.TrelloTestCaseExecution.homepageCheck()'><b>homepageCheck</b><br>Test class: trello.TrelloTestCaseExecution<br/>
<a href="#Output-750345324" onClick='toggleBox("Output-750345324", this, "Show output", "Hide output");'>Show output</a>

<a href="#Output-750345324" onClick="toggleAllBoxes();">Show all outputs</a>
<div class='log' id="Output-750345324">
Trello home page is displayed and verified upon title.<br/>
Trello home page is displayed and verified upon url.<br/>
</div>
</td>
<td></td>
<td>0</td>
<td>trello.TrelloTestCaseExecution@72967906</td></tr>
<tr>
<td title='trello.TrelloTestCaseExecution.getCountOfCardAndList()'><b>getCountOfCardAndList</b><br>Test class: trello.TrelloTestCaseExecution<br/>
<a href="#Output-1422584540" onClick='toggleBox("Output-1422584540", this, "Show output", "Hide output");'>Show output</a>

<a href="#Output-1422584540" onClick="toggleAllBoxes();">Show all outputs</a>
<div class='log' id="Output-1422584540">
Trello login to continue page is displayed and verified upon title.<br/>
Trello board page is displayed and verified upon title.<br/>
Trello board page is displayed and verified upon url contains email reference.<br/>
Created board page is displayed and verified upon url contains boardname.<br/>
Created board page is displayed and verified upon boardname.<br/>
2 lists successfully created and varified upon count<br/>
Cards in list<br/>
sql<br/>
java<br/>
api<br/>
manual<br/>
Count of created lists in Board : 2<br/>
Ccount of cards created in list : 4<br/>
Board is succefully deleted and varified on popup displayed<br/>
LogOut option is Displayed<br/>
Log out of your Atlassian account page is displayed and verified upon url contains email reference.<br/>
Log out of your Atlassian account is successfull and verified upon homepage URL<br/>
</div>
</td>
<td></td>
<td>46</td>
<td>trello.TrelloTestCaseExecution@72967906</td></tr>
<tr>
<td title='trello.TrelloTestCaseExecution.loginToAccount()'><b>loginToAccount</b><br>Test class: trello.TrelloTestCaseExecution<br/>
<a href="#Output-427033987" onClick='toggleBox("Output-427033987", this, "Show output", "Hide output");'>Show output</a>

<a href="#Output-427033987" onClick="toggleAllBoxes();">Show all outputs</a>
<div class='log' id="Output-427033987">
Trello login to continue page is displayed and verified upon title.<br/>
Trello board page is displayed and verified upon title.<br/>
Trello board page is displayed and verified upon url contains email reference.<br/>
LogOut option is Displayed<br/>
Log out of your Atlassian account page is displayed and verified upon url contains email reference.<br/>
Log out of your Atlassian account is successfull and verified upon homepage URL<br/>
</div>
</td>
<td></td>
<td>33</td>
<td>trello.TrelloTestCaseExecution@72967906</td></tr>
<tr>
<td title='trello.TrelloTestCaseExecution.swapTheList()'><b>swapTheList</b><br>Test class: trello.TrelloTestCaseExecution<br/>
<a href="#Output-214212829" onClick='toggleBox("Output-214212829", this, "Show output", "Hide output");'>Show output</a>

<a href="#Output-214212829" onClick="toggleAllBoxes();">Show all outputs</a>
<div class='log' id="Output-214212829">
Trello login to continue page is displayed and verified upon title.<br/>
Trello board page is displayed and verified upon title.<br/>
Trello board page is displayed and verified upon url contains email reference.<br/>
Created board page is displayed and verified upon url contains boardname.<br/>
Created board page is displayed and verified upon boardname.<br/>
2 lists successfully created and varified upon count<br/>
Order of Lists before swapping<br/>
vinay<br/>
kumar<br/>
Order of Lists after swapping<br/>
kumar<br/>
vinay<br/>
Board is succefully deleted and varified on popup displayed<br/>
LogOut option is Displayed<br/>
Log out of your Atlassian account page is displayed and verified upon url contains email reference.<br/>
Log out of your Atlassian account is successfull and verified upon homepage URL<br/>
</div>
</td>
<td></td>
<td>39</td>
<td>trello.TrelloTestCaseExecution@72967906</td></tr>
<tr>
<td title='trello.TrelloTestCaseExecution.sortCardsAlpabetically()'><b>sortCardsAlpabetically</b><br>Test class: trello.TrelloTestCaseExecution<br/>
<a href="#Output-804982032" onClick='toggleBox("Output-804982032", this, "Show output", "Hide output");'>Show output</a>

<a href="#Output-804982032" onClick="toggleAllBoxes();">Show all outputs</a>
<div class='log' id="Output-804982032">
Trello login to continue page is displayed and verified upon title.<br/>
Trello board page is displayed and verified upon title.<br/>
Trello board page is displayed and verified upon url contains email reference.<br/>
Created board page is displayed and verified upon url contains boardname.<br/>
Created board page is displayed and verified upon boardname.<br/>
list successfully created and varified<br/>
Cards before sorting<br/>
sql<br/>
java<br/>
api<br/>
manual<br/>
Card name After sorting<br/>
api<br/>
java<br/>
manual<br/>
sql<br/>
Board is succefully deleted and varified on popup displayed<br/>
LogOut option is Displayed<br/>
Log out of your Atlassian account page is displayed and verified upon url contains email reference.<br/>
Log out of your Atlassian account is successfull and verified upon homepage URL<br/>
</div>
</td>
<td></td>
<td>50</td>
<td>trello.TrelloTestCaseExecution@72967906</td></tr>
<tr>
<td title='trello.TrelloTestCaseExecution.createAndDeleteBoard()'><b>createAndDeleteBoard</b><br>Test class: trello.TrelloTestCaseExecution<br/>
<a href="#Output-815690261" onClick='toggleBox("Output-815690261", this, "Show output", "Hide output");'>Show output</a>

<a href="#Output-815690261" onClick="toggleAllBoxes();">Show all outputs</a>
<div class='log' id="Output-815690261">
Trello login to continue page is displayed and verified upon title.<br/>
Trello board page is displayed and verified upon title.<br/>
Trello board page is displayed and verified upon url contains email reference.<br/>
Created board page is displayed and verified upon url contains boardname.<br/>
Created board page is displayed and verified upon boardname.<br/>
Board is succefully deleted and varified on popup displayed<br/>
LogOut option is Displayed<br/>
Log out of your Atlassian account page is displayed and verified upon url contains email reference.<br/>
Log out of your Atlassian account is successfull and verified upon homepage URL<br/>
</div>
</td>
<td></td>
<td>41</td>
<td>trello.TrelloTestCaseExecution@72967906</td></tr>
<tr>
<td title='trello.TrelloTestCaseExecution.moveLoadedListToAnotherBoard()'><b>moveLoadedListToAnotherBoard</b><br>Test class: trello.TrelloTestCaseExecution<br/>
<a href="#Output-875010954" onClick='toggleBox("Output-875010954", this, "Show output", "Hide output");'>Show output</a>

<a href="#Output-875010954" onClick="toggleAllBoxes();">Show all outputs</a>
<div class='log' id="Output-875010954">
Trello login to continue page is displayed and verified upon title.<br/>
Trello board page is displayed and verified upon title.<br/>
Trello board page is displayed and verified upon url contains email reference.<br/>
Created board page is displayed and verified upon url contains boardname.<br/>
Created board page is displayed and verified upon boardname.<br/>
list successfully created and varified<br/>
Cards created in List : Fully loaded<br/>
sql<br/>
java<br/>
api<br/>
manual<br/>
Board is succefully deleted and varified on popup displayed<br/>
List moved sucessfully: Fully loaded list cotains card<br/>
Board is succefully deleted and varified on popup displayed<br/>
LogOut option is Displayed<br/>
Log out of your Atlassian account page is displayed and verified upon url contains email reference.<br/>
Log out of your Atlassian account is successfull and verified upon homepage URL<br/>
</div>
</td>
<td></td>
<td>52</td>
<td>trello.TrelloTestCaseExecution@72967906</td></tr>
<tr>
<td title='trello.TrelloTestCaseExecution.loginpageCheck()'><b>loginpageCheck</b><br>Test class: trello.TrelloTestCaseExecution<br/>
<a href="#Output-699017717" onClick='toggleBox("Output-699017717", this, "Show output", "Hide output");'>Show output</a>

<a href="#Output-699017717" onClick="toggleAllBoxes();">Show all outputs</a>
<div class='log' id="Output-699017717">
Trello login page is displayed and verified upon title.<br/>
Trello login page is displayed and verified upon url.<br/>
</div>
</td>
<td></td>
<td>3</td>
<td>trello.TrelloTestCaseExecution@72967906</td></tr>
</table><p>
<table width='100%' border='1' class='invocation-skipped'>
<tr><td colspan='4' align='center'><b>SKIPPED TESTS</b></td></tr>
<tr><td><b>Test method</b></td>
<td><b>Attribute(s)</b></td>
<td width="30%"><b>Exception</b></td>
<td width="10%"><b>Time (seconds)</b></td>
<td><b>Instance</b></td>
</tr>
<tr>
<td title='trello.TrelloTestCaseExecution.create2ListsInBoard()'><b>create2ListsInBoard</b><br>Test class: trello.TrelloTestCaseExecution<br/>
<a href="#Output-340234965" onClick='toggleBox("Output-340234965", this, "Show output", "Hide output");'>Show output</a>

<a href="#Output-340234965" onClick="toggleAllBoxes();">Show all outputs</a>
<div class='log' id="Output-340234965">
Trello login to continue page is displayed and verified upon title.<br/>
Trello board page is displayed and verified upon title.<br/>
Trello board page is displayed and verified upon url contains email reference.<br/>
Created board page is displayed and verified upon url contains boardname.<br/>
Created board page is displayed and verified upon boardname.<br/>
2 lists successfully created and varified upon count<br/>
</div>
</td>
<td><div><pre>org.openqa.selenium.TimeoutException: Expected condition failed: waiting for element to be clickable: Proxy element for: DefaultElementLocator &apos;By.xpath: //input[contains(@class,&apos;js-confirm&apos;)]&apos; (tried for 15 second(s) with 500 milliseconds interval)
	at org.openqa.selenium.support.ui.WebDriverWait.timeoutException(WebDriverWait.java:87)
	at org.openqa.selenium.support.ui.FluentWait.until(FluentWait.java:231)
	at com.qspider.atlassian.genericutility.WebElementUtility.clickOnVisibleElement(WebElementUtility.java:23)
	at trello.TrelloTestCaseExecution.deleteBoard(TrelloTestCaseExecution.java:144)
	at trello.TrelloTestCaseExecution.create2ListsInBoard(TrelloTestCaseExecution.java:210)
	at java.base/java.util.ArrayList.forEach(ArrayList.java:1511)
Caused by: org.openqa.selenium.NoSuchElementException: no such element: Unable to locate element: {&quot;method&quot;:&quot;xpath&quot;,&quot;selector&quot;:&quot;//input[contains(@class,&apos;js-confirm&apos;)]&quot;}
  (Session info: chrome=108.0.5359.126)
For documentation on this error, please visit: https://selenium.dev/exceptions/#no_such_element
Build info: version: &apos;4.7.2&apos;, revision: &apos;4d4020c3b7&apos;
System info: os.name: &apos;Windows 10&apos;, os.arch: &apos;amd64&apos;, os.version: &apos;10.0&apos;, java.version: &apos;19.0.1&apos;
Driver info: org.openqa.selenium.chrome.ChromeDriver
Command: [1f551cea76fd1aa651db598077d34ea9, findElement {using=xpath, value=//input[contains(@class,&apos;js-confirm&apos;)]}]
Capabilities {acceptInsecureCerts: false, browserName: chrome, browserVersion: 108.0.5359.126, chrome: {chromedriverVersion: 108.0.5359.71 (1e0e3868ee06..., userDataDir: C:\Users\Admin\AppData\Loca...}, goog:chromeOptions: {debuggerAddress: localhost:64049}, networkConnectionEnabled: false, pageLoadStrategy: normal, platformName: WINDOWS, proxy: Proxy(), se:cdp: ws://localhost:64049/devtoo..., se:cdpVersion: 108.0.5359.126, setWindowRect: true, strictFileInteractability: false, timeouts: {implicit: 0, pageLoad: 300000, script: 30000}, unhandledPromptBehavior: dismiss and notify, webauthn:extension:credBlob: true, webauthn:extension:largeBlob: true, webauthn:virtualAuthenticators: true}
Session ID: 1f551cea76fd1aa651db598077d34ea9
	at org.openqa.selenium.remote.codec.w3c.W3CHttpResponseCodec.createException(W3CHttpResponseCodec.java:200)
	at org.openqa.selenium.remote.codec.w3c.W3CHttpResponseCodec.decode(W3CHttpResponseCodec.java:133)
	at org.openqa.selenium.remote.codec.w3c.W3CHttpResponseCodec.decode(W3CHttpResponseCodec.java:53)
	at org.openqa.selenium.remote.HttpCommandExecutor.execute(HttpCommandExecutor.java:184)
	at org.openqa.selenium.remote.service.DriverCommandExecutor.invokeExecute(DriverCommandExecutor.java:167)
	at org.openqa.selenium.remote.service.DriverCommandExecutor.execute(DriverCommandExecutor.java:142)
	at org.openqa.selenium.remote.RemoteWebDriver.execute(RemoteWebDriver.java:535)
	at org.openqa.selenium.remote.ElementLocation$ElementFinder$2.findElement(ElementLocation.java:162)
	at org.openqa.selenium.remote.ElementLocation.findElement(ElementLocation.java:60)
	at org.openqa.selenium.remote.RemoteWebDriver.findElement(RemoteWebDriver.java:351)
	at org.openqa.selenium.remote.RemoteWebDriver.findElement(RemoteWebDriver.java:343)
	at org.openqa.selenium.support.pagefactory.DefaultElementLocator.findElement(DefaultElementLocator.java:70)
	at org.openqa.selenium.support.pagefactory.internal.LocatingElementHandler.invoke(LocatingElementHandler.java:39)
	at jdk.proxy2/jdk.proxy2.$Proxy16.isDisplayed(Unknown Source)
	at org.openqa.selenium.support.ui.ExpectedConditions.elementIfVisible(ExpectedConditions.java:307)
	at org.openqa.selenium.support.ui.ExpectedConditions.access$000(ExpectedConditions.java:40)
	at org.openqa.selenium.support.ui.ExpectedConditions$10.apply(ExpectedConditions.java:293)
	at org.openqa.selenium.support.ui.ExpectedConditions$10.apply(ExpectedConditions.java:290)
	at org.openqa.selenium.support.ui.ExpectedConditions$23.apply(ExpectedConditions.java:660)
	at org.openqa.selenium.support.ui.ExpectedConditions$23.apply(ExpectedConditions.java:656)
	at org.openqa.selenium.support.ui.FluentWait.until(FluentWait.java:208)
	... 29 more
... Removed 28 stack frames</pre></div><a href='#' onClick='toggleBox("stack-trace340234965", this, "Click to show all stack frames", "Click to hide stack frames")'>Click to show all stack frames</a>
<div class='stack-trace' id='stack-trace340234965'><pre>org.openqa.selenium.TimeoutException: Expected condition failed: waiting for element to be clickable: Proxy element for: DefaultElementLocator &apos;By.xpath: //input[contains(@class,&apos;js-confirm&apos;)]&apos; (tried for 15 second(s) with 500 milliseconds interval)
	at org.openqa.selenium.support.ui.WebDriverWait.timeoutException(WebDriverWait.java:87)
	at org.openqa.selenium.support.ui.FluentWait.until(FluentWait.java:231)
	at com.qspider.atlassian.genericutility.WebElementUtility.clickOnVisibleElement(WebElementUtility.java:23)
	at trello.TrelloTestCaseExecution.deleteBoard(TrelloTestCaseExecution.java:144)
	at trello.TrelloTestCaseExecution.create2ListsInBoard(TrelloTestCaseExecution.java:210)
	at java.base/jdk.internal.reflect.DirectMethodHandleAccessor.invoke(DirectMethodHandleAccessor.java:104)
	at java.base/java.lang.reflect.Method.invoke(Method.java:578)
	at org.testng.internal.invokers.MethodInvocationHelper.invokeMethod(MethodInvocationHelper.java:139)
	at org.testng.internal.invokers.TestInvoker.invokeMethod(TestInvoker.java:677)
	at org.testng.internal.invokers.TestInvoker.invokeTestMethod(TestInvoker.java:221)
	at org.testng.internal.invokers.MethodRunner.runInSequence(MethodRunner.java:50)
	at org.testng.internal.invokers.TestInvoker$MethodInvocationAgent.invoke(TestInvoker.java:969)
	at org.testng.internal.invokers.TestInvoker.invokeTestMethods(TestInvoker.java:194)
	at org.testng.internal.invokers.TestMethodWorker.invokeTestMethods(TestMethodWorker.java:148)
	at org.testng.internal.invokers.TestMethodWorker.run(TestMethodWorker.java:128)
	at java.base/java.util.ArrayList.forEach(ArrayList.java:1511)
	at org.testng.TestRunner.privateRun(TestRunner.java:829)
	at org.testng.TestRunner.run(TestRunner.java:602)
	at org.testng.SuiteRunner.runTest(SuiteRunner.java:437)
	at org.testng.SuiteRunner.runSequentially(SuiteRunner.java:431)
	at org.testng.SuiteRunner.privateRun(SuiteRunner.java:391)
	at org.testng.SuiteRunner.run(SuiteRunner.java:330)
	at org.testng.SuiteRunnerWorker.runSuite(SuiteRunnerWorker.java:52)
	at org.testng.SuiteRunnerWorker.run(SuiteRunnerWorker.java:95)
	at org.testng.TestNG.runSuitesSequentially(TestNG.java:1256)
	at org.testng.TestNG.runSuitesLocally(TestNG.java:1176)
	at org.testng.TestNG.runSuites(TestNG.java:1099)
	at org.testng.TestNG.run(TestNG.java:1067)
	at org.testng.remote.AbstractRemoteTestNG.run(AbstractRemoteTestNG.java:115)
	at org.testng.remote.RemoteTestNG.initAndRun(RemoteTestNG.java:251)
	at org.testng.remote.RemoteTestNG.main(RemoteTestNG.java:77)
Caused by: org.openqa.selenium.NoSuchElementException: no such element: Unable to locate element: {&quot;method&quot;:&quot;xpath&quot;,&quot;selector&quot;:&quot;//input[contains(@class,&apos;js-confirm&apos;)]&quot;}
  (Session info: chrome=108.0.5359.126)
For documentation on this error, please visit: https://selenium.dev/exceptions/#no_such_element
Build info: version: &apos;4.7.2&apos;, revision: &apos;4d4020c3b7&apos;
System info: os.name: &apos;Windows 10&apos;, os.arch: &apos;amd64&apos;, os.version: &apos;10.0&apos;, java.version: &apos;19.0.1&apos;
Driver info: org.openqa.selenium.chrome.ChromeDriver
Command: [1f551cea76fd1aa651db598077d34ea9, findElement {using=xpath, value=//input[contains(@class,&apos;js-confirm&apos;)]}]
Capabilities {acceptInsecureCerts: false, browserName: chrome, browserVersion: 108.0.5359.126, chrome: {chromedriverVersion: 108.0.5359.71 (1e0e3868ee06..., userDataDir: C:\Users\Admin\AppData\Loca...}, goog:chromeOptions: {debuggerAddress: localhost:64049}, networkConnectionEnabled: false, pageLoadStrategy: normal, platformName: WINDOWS, proxy: Proxy(), se:cdp: ws://localhost:64049/devtoo..., se:cdpVersion: 108.0.5359.126, setWindowRect: true, strictFileInteractability: false, timeouts: {implicit: 0, pageLoad: 300000, script: 30000}, unhandledPromptBehavior: dismiss and notify, webauthn:extension:credBlob: true, webauthn:extension:largeBlob: true, webauthn:virtualAuthenticators: true}
Session ID: 1f551cea76fd1aa651db598077d34ea9
	at java.base/jdk.internal.reflect.DirectConstructorHandleAccessor.newInstance(DirectConstructorHandleAccessor.java:67)
	at java.base/java.lang.reflect.Constructor.newInstanceWithCaller(Constructor.java:500)
	at java.base/java.lang.reflect.Constructor.newInstance(Constructor.java:484)
	at org.openqa.selenium.remote.codec.w3c.W3CHttpResponseCodec.createException(W3CHttpResponseCodec.java:200)
	at org.openqa.selenium.remote.codec.w3c.W3CHttpResponseCodec.decode(W3CHttpResponseCodec.java:133)
	at org.openqa.selenium.remote.codec.w3c.W3CHttpResponseCodec.decode(W3CHttpResponseCodec.java:53)
	at org.openqa.selenium.remote.HttpCommandExecutor.execute(HttpCommandExecutor.java:184)
	at org.openqa.selenium.remote.service.DriverCommandExecutor.invokeExecute(DriverCommandExecutor.java:167)
	at org.openqa.selenium.remote.service.DriverCommandExecutor.execute(DriverCommandExecutor.java:142)
	at org.openqa.selenium.remote.RemoteWebDriver.execute(RemoteWebDriver.java:535)
	at org.openqa.selenium.remote.ElementLocation$ElementFinder$2.findElement(ElementLocation.java:162)
	at org.openqa.selenium.remote.ElementLocation.findElement(ElementLocation.java:60)
	at org.openqa.selenium.remote.RemoteWebDriver.findElement(RemoteWebDriver.java:351)
	at org.openqa.selenium.remote.RemoteWebDriver.findElement(RemoteWebDriver.java:343)
	at org.openqa.selenium.support.pagefactory.DefaultElementLocator.findElement(DefaultElementLocator.java:70)
	at org.openqa.selenium.support.pagefactory.internal.LocatingElementHandler.invoke(LocatingElementHandler.java:39)
	at jdk.proxy2/jdk.proxy2.$Proxy16.isDisplayed(Unknown Source)
	at org.openqa.selenium.support.ui.ExpectedConditions.elementIfVisible(ExpectedConditions.java:307)
	at org.openqa.selenium.support.ui.ExpectedConditions.access$000(ExpectedConditions.java:40)
	at org.openqa.selenium.support.ui.ExpectedConditions$10.apply(ExpectedConditions.java:293)
	at org.openqa.selenium.support.ui.ExpectedConditions$10.apply(ExpectedConditions.java:290)
	at org.openqa.selenium.support.ui.ExpectedConditions$23.apply(ExpectedConditions.java:660)
	at org.openqa.selenium.support.ui.ExpectedConditions$23.apply(ExpectedConditions.java:656)
	at org.openqa.selenium.support.ui.FluentWait.until(FluentWait.java:208)
	... 29 more
</pre></div></td>
<td>39</td>
<td>trello.TrelloTestCaseExecution@72967906</td></tr>
<tr>
<td title='trello.TrelloTestCaseExecution.createAndDeleteBoard()'><b>createAndDeleteBoard</b><br>Test class: trello.TrelloTestCaseExecution<br/>
<a href="#Output-1672306663" onClick='toggleBox("Output-1672306663", this, "Show output", "Hide output");'>Show output</a>

<a href="#Output-1672306663" onClick="toggleAllBoxes();">Show all outputs</a>
<div class='log' id="Output-1672306663">
Trello login to continue page is displayed and verified upon title.<br/>
Trello board page is displayed and verified upon title.<br/>
Trello board page is displayed and verified upon url contains email reference.<br/>
Created board page is displayed and verified upon url contains boardname.<br/>
</div>
</td>
<td><div><pre>org.openqa.selenium.StaleElementReferenceException: stale element reference: element is not attached to the page document
  (Session info: chrome=108.0.5359.126)
For documentation on this error, please visit: https://selenium.dev/exceptions/#stale_element_reference
Build info: version: &apos;4.7.2&apos;, revision: &apos;4d4020c3b7&apos;
System info: os.name: &apos;Windows 10&apos;, os.arch: &apos;amd64&apos;, os.version: &apos;10.0&apos;, java.version: &apos;19.0.1&apos;
Driver info: org.openqa.selenium.chrome.ChromeDriver
Command: [575d65a6072becfc477e4ba10b1bff7f, isElementDisplayed {id=32dcd131-54d2-4b00-a916-51322e23f0ef}]
Capabilities {acceptInsecureCerts: false, browserName: chrome, browserVersion: 108.0.5359.126, chrome: {chromedriverVersion: 108.0.5359.71 (1e0e3868ee06..., userDataDir: C:\Users\Admin\AppData\Loca...}, goog:chromeOptions: {debuggerAddress: localhost:63634}, networkConnectionEnabled: false, pageLoadStrategy: normal, platformName: WINDOWS, proxy: Proxy(), se:cdp: ws://localhost:63634/devtoo..., se:cdpVersion: 108.0.5359.126, setWindowRect: true, strictFileInteractability: false, timeouts: {implicit: 0, pageLoad: 300000, script: 30000}, unhandledPromptBehavior: dismiss and notify, webauthn:extension:credBlob: true, webauthn:extension:largeBlob: true, webauthn:virtualAuthenticators: true}
Element: [[ChromeDriver: chrome on WINDOWS (575d65a6072becfc477e4ba10b1bff7f)] -&gt; xpath: //div[(@class=&apos;board-header-btn mod-board-name inline-rename-board js-rename-board&apos;)]//h1]
Session ID: 575d65a6072becfc477e4ba10b1bff7f
	at org.openqa.selenium.remote.codec.w3c.W3CHttpResponseCodec.createException(W3CHttpResponseCodec.java:200)
	at org.openqa.selenium.remote.codec.w3c.W3CHttpResponseCodec.decode(W3CHttpResponseCodec.java:133)
	at org.openqa.selenium.remote.codec.w3c.W3CHttpResponseCodec.decode(W3CHttpResponseCodec.java:53)
	at org.openqa.selenium.remote.HttpCommandExecutor.execute(HttpCommandExecutor.java:184)
	at org.openqa.selenium.remote.service.DriverCommandExecutor.invokeExecute(DriverCommandExecutor.java:167)
	at org.openqa.selenium.remote.service.DriverCommandExecutor.execute(DriverCommandExecutor.java:142)
	at org.openqa.selenium.remote.RemoteWebDriver.execute(RemoteWebDriver.java:535)
	at org.openqa.selenium.remote.RemoteWebElement.execute(RemoteWebElement.java:257)
	at org.openqa.selenium.remote.RemoteWebElement.isDisplayed(RemoteWebElement.java:313)
	at org.openqa.selenium.support.pagefactory.internal.LocatingElementHandler.invoke(LocatingElementHandler.java:52)
	at jdk.proxy2/jdk.proxy2.$Proxy16.isDisplayed(Unknown Source)
	at org.openqa.selenium.support.ui.ExpectedConditions.elementIfVisible(ExpectedConditions.java:307)
	at org.openqa.selenium.support.ui.ExpectedConditions.access$000(ExpectedConditions.java:40)
	at org.openqa.selenium.support.ui.ExpectedConditions$10.apply(ExpectedConditions.java:293)
	at org.openqa.selenium.support.ui.ExpectedConditions$10.apply(ExpectedConditions.java:290)
	at org.openqa.selenium.support.ui.FluentWait.until(FluentWait.java:208)
	at com.qspider.atlassian.genericutility.WebElementUtility.getTagtexOfElement(WebElementUtility.java:70)
	at trello.TrelloTestCaseExecution.createAndDeleteBoard(TrelloTestCaseExecution.java:124)
	at java.base/java.util.ArrayList.forEach(ArrayList.java:1511)
... Removed 30 stack frames</pre></div><a href='#' onClick='toggleBox("stack-trace1672306663", this, "Click to show all stack frames", "Click to hide stack frames")'>Click to show all stack frames</a>
<div class='stack-trace' id='stack-trace1672306663'><pre>org.openqa.selenium.StaleElementReferenceException: stale element reference: element is not attached to the page document
  (Session info: chrome=108.0.5359.126)
For documentation on this error, please visit: https://selenium.dev/exceptions/#stale_element_reference
Build info: version: &apos;4.7.2&apos;, revision: &apos;4d4020c3b7&apos;
System info: os.name: &apos;Windows 10&apos;, os.arch: &apos;amd64&apos;, os.version: &apos;10.0&apos;, java.version: &apos;19.0.1&apos;
Driver info: org.openqa.selenium.chrome.ChromeDriver
Command: [575d65a6072becfc477e4ba10b1bff7f, isElementDisplayed {id=32dcd131-54d2-4b00-a916-51322e23f0ef}]
Capabilities {acceptInsecureCerts: false, browserName: chrome, browserVersion: 108.0.5359.126, chrome: {chromedriverVersion: 108.0.5359.71 (1e0e3868ee06..., userDataDir: C:\Users\Admin\AppData\Loca...}, goog:chromeOptions: {debuggerAddress: localhost:63634}, networkConnectionEnabled: false, pageLoadStrategy: normal, platformName: WINDOWS, proxy: Proxy(), se:cdp: ws://localhost:63634/devtoo..., se:cdpVersion: 108.0.5359.126, setWindowRect: true, strictFileInteractability: false, timeouts: {implicit: 0, pageLoad: 300000, script: 30000}, unhandledPromptBehavior: dismiss and notify, webauthn:extension:credBlob: true, webauthn:extension:largeBlob: true, webauthn:virtualAuthenticators: true}
Element: [[ChromeDriver: chrome on WINDOWS (575d65a6072becfc477e4ba10b1bff7f)] -&gt; xpath: //div[(@class=&apos;board-header-btn mod-board-name inline-rename-board js-rename-board&apos;)]//h1]
Session ID: 575d65a6072becfc477e4ba10b1bff7f
	at java.base/jdk.internal.reflect.DirectConstructorHandleAccessor.newInstance(DirectConstructorHandleAccessor.java:67)
	at java.base/java.lang.reflect.Constructor.newInstanceWithCaller(Constructor.java:500)
	at java.base/java.lang.reflect.Constructor.newInstance(Constructor.java:484)
	at org.openqa.selenium.remote.codec.w3c.W3CHttpResponseCodec.createException(W3CHttpResponseCodec.java:200)
	at org.openqa.selenium.remote.codec.w3c.W3CHttpResponseCodec.decode(W3CHttpResponseCodec.java:133)
	at org.openqa.selenium.remote.codec.w3c.W3CHttpResponseCodec.decode(W3CHttpResponseCodec.java:53)
	at org.openqa.selenium.remote.HttpCommandExecutor.execute(HttpCommandExecutor.java:184)
	at org.openqa.selenium.remote.service.DriverCommandExecutor.invokeExecute(DriverCommandExecutor.java:167)
	at org.openqa.selenium.remote.service.DriverCommandExecutor.execute(DriverCommandExecutor.java:142)
	at org.openqa.selenium.remote.RemoteWebDriver.execute(RemoteWebDriver.java:535)
	at org.openqa.selenium.remote.RemoteWebElement.execute(RemoteWebElement.java:257)
	at org.openqa.selenium.remote.RemoteWebElement.isDisplayed(RemoteWebElement.java:313)
	at java.base/jdk.internal.reflect.DirectMethodHandleAccessor.invoke(DirectMethodHandleAccessor.java:104)
	at java.base/java.lang.reflect.Method.invoke(Method.java:578)
	at org.openqa.selenium.support.pagefactory.internal.LocatingElementHandler.invoke(LocatingElementHandler.java:52)
	at jdk.proxy2/jdk.proxy2.$Proxy16.isDisplayed(Unknown Source)
	at org.openqa.selenium.support.ui.ExpectedConditions.elementIfVisible(ExpectedConditions.java:307)
	at org.openqa.selenium.support.ui.ExpectedConditions.access$000(ExpectedConditions.java:40)
	at org.openqa.selenium.support.ui.ExpectedConditions$10.apply(ExpectedConditions.java:293)
	at org.openqa.selenium.support.ui.ExpectedConditions$10.apply(ExpectedConditions.java:290)
	at org.openqa.selenium.support.ui.FluentWait.until(FluentWait.java:208)
	at com.qspider.atlassian.genericutility.WebElementUtility.getTagtexOfElement(WebElementUtility.java:70)
	at trello.TrelloTestCaseExecution.createAndDeleteBoard(TrelloTestCaseExecution.java:124)
	at java.base/jdk.internal.reflect.DirectMethodHandleAccessor.invoke(DirectMethodHandleAccessor.java:104)
	at java.base/java.lang.reflect.Method.invoke(Method.java:578)
	at org.testng.internal.invokers.MethodInvocationHelper.invokeMethod(MethodInvocationHelper.java:139)
	at org.testng.internal.invokers.TestInvoker.invokeMethod(TestInvoker.java:677)
	at org.testng.internal.invokers.TestInvoker.invokeTestMethod(TestInvoker.java:221)
	at org.testng.internal.invokers.MethodRunner.runInSequence(MethodRunner.java:50)
	at org.testng.internal.invokers.TestInvoker$MethodInvocationAgent.invoke(TestInvoker.java:969)
	at org.testng.internal.invokers.TestInvoker.invokeTestMethods(TestInvoker.java:194)
	at org.testng.internal.invokers.TestMethodWorker.invokeTestMethods(TestMethodWorker.java:148)
	at org.testng.internal.invokers.TestMethodWorker.run(TestMethodWorker.java:128)
	at java.base/java.util.ArrayList.forEach(ArrayList.java:1511)
	at org.testng.TestRunner.privateRun(TestRunner.java:829)
	at org.testng.TestRunner.run(TestRunner.java:602)
	at org.testng.SuiteRunner.runTest(SuiteRunner.java:437)
	at org.testng.SuiteRunner.runSequentially(SuiteRunner.java:431)
	at org.testng.SuiteRunner.privateRun(SuiteRunner.java:391)
	at org.testng.SuiteRunner.run(SuiteRunner.java:330)
	at org.testng.SuiteRunnerWorker.runSuite(SuiteRunnerWorker.java:52)
	at org.testng.SuiteRunnerWorker.run(SuiteRunnerWorker.java:95)
	at org.testng.TestNG.runSuitesSequentially(TestNG.java:1256)
	at org.testng.TestNG.runSuitesLocally(TestNG.java:1176)
	at org.testng.TestNG.runSuites(TestNG.java:1099)
	at org.testng.TestNG.run(TestNG.java:1067)
	at org.testng.remote.AbstractRemoteTestNG.run(AbstractRemoteTestNG.java:115)
	at org.testng.remote.RemoteTestNG.initAndRun(RemoteTestNG.java:251)
	at org.testng.remote.RemoteTestNG.main(RemoteTestNG.java:77)
</pre></div></td>
<td>24</td>
<td>trello.TrelloTestCaseExecution@72967906</td></tr>
</table><p>
</body>
</html>